<?xml version="1.0" encoding="UTF-8"?>
<!-- Generated by org.testng.reporters.JUnitReportReporter -->
<testsuite hostname="DESKTOP-M99SK9D" failures="0" tests="1" name="UploadFile" time="13.400" errors="0" timestamp="2024-10-09T13:27:22 IST" skipped="0">
  <testcase classname="UploadFile" name="upload" time="13.400"/>
  <system-out/>
</testsuite> <!-- UploadFile -->
