<?xml version="1.0" encoding="UTF-8"?>
<!-- Generated by org.testng.reporters.JUnitReportReporter -->
<testsuite hostname="DESKTOP-M99SK9D" failures="0" tests="1" name="com.wylonetwork.wylo.admin.DeleteAndCreateTheFAQAndChapterAndLesson" time="9.599" errors="0" timestamp="2024-10-15T14:04:31 IST" skipped="0">
  <testcase classname="com.wylonetwork.wylo.admin.DeleteAndCreateTheFAQAndChapterAndLesson" name="testDeleteAndCreate" time="9.599"/>
  <system-out/>
</testsuite> <!-- com.wylonetwork.wylo.admin.DeleteAndCreateTheFAQAndChapterAndLesson -->
