<?xml version="1.0" encoding="UTF-8"?>
<!-- Generated by org.testng.reporters.JUnitReportReporter -->
<testsuite hostname="DESKTOP-M99SK9D" failures="0" tests="1" name="com.wylonetwork.wylo.admin.DeleteCourseTest" time="4.401" errors="0" timestamp="2024-10-14T11:49:34 IST" skipped="0">
  <testcase classname="com.wylonetwork.wylo.admin.DeleteCourseTest" name="testDeleteCourse" time="4.401"/>
  <system-out/>
</testsuite> <!-- com.wylonetwork.wylo.admin.DeleteCourseTest -->
