<?xml version="1.0" encoding="UTF-8"?>
<!-- Generated by org.testng.reporters.JUnitReportReporter -->
<testsuite hostname="DESKTOP-M99SK9D" failures="0" tests="1" name="com.wylonetwork.wylo.admin.DeleteAndCreateTheFAQAndChapterAndLessonTest" time="13.797" errors="0" timestamp="2024-10-15T16:25:46 IST" skipped="0">
  <testcase classname="com.wylonetwork.wylo.admin.DeleteAndCreateTheFAQAndChapterAndLessonTest" name="testDeleteAndCreate" time="13.797"/>
  <system-out/>
</testsuite> <!-- com.wylonetwork.wylo.admin.DeleteAndCreateTheFAQAndChapterAndLessonTest -->
