<?xml version="1.0" encoding="UTF-8"?>
<!-- Generated by org.testng.reporters.JUnitReportReporter -->
<testsuite hostname="Balaji-lap" failures="0" tests="1" name="com.wylonetwork.wylo.admin.CheckForSigninTest" time="8.817" errors="0" timestamp="2024-06-06T17:35:00 IST" skipped="0">
  <testcase classname="com.wylonetwork.wylo.admin.CheckForSigninTest" name="checkForSignin" time="8.817"/>
  <system-out>
    <![CDATA[Signin successfull]]>
  </system-out>
</testsuite> <!-- com.wylonetwork.wylo.admin.CheckForSigninTest -->
