<?xml version="1.0" encoding="UTF-8"?>
<!-- Generated by org.testng.reporters.JUnitReportReporter -->
<testsuite hostname="DESKTOP-M99SK9D" failures="0" tests="1" name="com.wylonetwork.wylo.admin.CheckForSigninAndSignoutTest" time="8.106" errors="0" timestamp="2024-10-19T12:33:47 IST" skipped="0">
  <testcase classname="com.wylonetwork.wylo.admin.CheckForSigninAndSignoutTest" name="checkForSignin" time="8.106"/>
  <system-out>
    <![CDATA[Signin successfull]]>
  </system-out>
</testsuite> <!-- com.wylonetwork.wylo.admin.CheckForSigninAndSignoutTest -->
