<?xml version="1.0" encoding="UTF-8"?>
<!-- Generated by org.testng.reporters.JUnitReportReporter -->
<testsuite hostname="DESKTOP-M99SK9D" failures="0" tests="1" name="com.wylonetwork.wylo.admin.CourseEditTest" time="35.389" errors="0" timestamp="2024-10-14T12:40:40 IST" skipped="0">
  <testcase classname="com.wylonetwork.wylo.admin.CourseEditTest" name="testEditCourse" time="35.389"/>
  <system-out/>
</testsuite> <!-- com.wylonetwork.wylo.admin.CourseEditTest -->
