<?xml version="1.0" encoding="UTF-8"?>
<!-- Generated by org.testng.reporters.JUnitReportReporter -->
<testsuite hostname="DESKTOP-M99SK9D" failures="0" tests="1" name="com.wylonetwork.wylo.user.CourseEnrolledByUserTest" time="3.045" errors="0" timestamp="2024-10-14T16:04:45 IST" skipped="0">
  <testcase classname="com.wylonetwork.wylo.user.CourseEnrolledByUserTest" name="testEnrollCourse" time="3.045"/>
  <system-out/>
</testsuite> <!-- com.wylonetwork.wylo.user.CourseEnrolledByUserTest -->
