<?xml version="1.0" encoding="UTF-8"?>
<!-- Generated by org.testng.reporters.JUnitReportReporter -->
<testsuite hostname="DESKTOP-M99SK9D" failures="0" tests="1" name="com.wylonetwork.wylo.admin.RestrictedVisibilityCourseCreationTest" time="32.811" errors="0" timestamp="2024-10-17T00:11:27 IST" skipped="0">
  <testcase classname="com.wylonetwork.wylo.admin.RestrictedVisibilityCourseCreationTest" name="restrictedVisibilityCourse" time="32.811"/>
  <system-out/>
</testsuite> <!-- com.wylonetwork.wylo.admin.RestrictedVisibilityCourseCreationTest -->
