<?xml version="1.0" encoding="UTF-8"?>
<!-- Generated by org.testng.reporters.JUnitReportReporter -->
<testsuite hostname="DESKTOP-M99SK9D" failures="0" tests="1" name="com.wylonetwork.wylo.admin.ArchiveCourseTest" time="3.174" errors="0" timestamp="2024-10-16T13:26:43 IST" skipped="0">
  <testcase classname="com.wylonetwork.wylo.admin.ArchiveCourseTest" name="testArchive" time="3.174"/>
  <system-out/>
</testsuite> <!-- com.wylonetwork.wylo.admin.ArchiveCourseTest -->
